<?xml version="1.0" encoding="UTF-8"?>
<!-- Generated by org.testng.reporters.JUnitReportReporter -->
<testsuite hostname="LPT1750-B1" failures="0" tests="1" name="com.testng.demo.test.HelloWorldTest" time="0.012" errors="0" timestamp="02 Mar 2023 05:11:54 GMT" skipped="0">
  <testcase classname="com.testng.demo.test.HelloWorldTest" name="test" time="0.012"/>
</testsuite> <!-- com.testng.demo.test.HelloWorldTest -->
