<?xml version="1.0" encoding="UTF-8"?>
<!-- Generated by org.testng.reporters.JUnitReportReporter -->
<testsuite hostname="LPT1750-B1" failures="0" tests="1" name="com.testng.demo.ShoaliOS" time="10.020" errors="0" timestamp="2023-03-03T15:41:49 IST" skipped="0">
  <testcase classname="com.testng.demo.ShoaliOS" name="alerts" time="10.020"/>
  <system-out/>
</testsuite> <!-- com.testng.demo.ShoaliOS -->
