<?xml version="1.0" encoding="UTF-8"?>
<!-- Generated by org.testng.reporters.JUnitReportReporter -->
<testsuite hostname="LPT1750-B1" failures="0" tests="1" name="com.testng.demo.IphoneIND" time="10.011" errors="0" timestamp="2023-04-19T16:34:45 IST" skipped="0">
  <testcase classname="com.testng.demo.IphoneIND" name="alerts" time="10.011"/>
  <system-out/>
</testsuite> <!-- com.testng.demo.IphoneIND -->
