<?xml version="1.0" encoding="UTF-8"?>
<!-- Generated by org.testng.reporters.JUnitReportReporter -->
<testsuite hostname="LPT1750-B1" failures="0" tests="1" name="com.testng.demo.AndroidIND" time="20.979" errors="0" timestamp="2023-07-03T15:53:00 IST" skipped="0">
  <testcase classname="com.testng.demo.AndroidIND" name="logout" time="20.979"/>
  <system-out/>
</testsuite> <!-- com.testng.demo.AndroidIND -->
