<?xml version="1.0" encoding="UTF-8"?>
<!-- Generated by org.testng.reporters.JUnitReportReporter -->
<testsuite hostname="LPT1750-B1" failures="0" tests="1" name="com.testng.demo.ShoalAndroid" time="22.542" errors="0" timestamp="2023-03-03T15:37:59 IST" skipped="0">
  <testcase classname="com.testng.demo.ShoalAndroid" name="logout" time="22.542"/>
  <system-out/>
</testsuite> <!-- com.testng.demo.ShoalAndroid -->
